<?xml version="1.0" encoding="UTF-8"?>
<!-- Generated by org.testng.reporters.JUnitReportReporter -->
<testsuite hostname="Shihab" name="test.LoginTest" tests="1" failures="0" timestamp="29 Apr 2023 17:21:27 GMT" time="3.191" errors="0">
  <testcase name="validUserShouldBeAbleToLogin" time="3.191" classname="test.LoginTest"/>
</testsuite> <!-- test.LoginTest -->
