<?xml version="1.0" encoding="UTF-8"?>
<!-- Generated by org.testng.reporters.JUnitReportReporter -->
<testsuite hostname="Shihab" name="util.BrowserFactory" tests="1" failures="0" timestamp="29 Apr 2023 15:45:24 GMT" time="2.584" errors="0">
  <testcase name="init" time="2.584" classname="util.BrowserFactory"/>
</testsuite> <!-- util.BrowserFactory -->
