<?xml version="1.0" encoding="UTF-8"?>
<!-- Generated by org.testng.reporters.JUnitReportReporter -->
<testsuite hostname="Shihab" name="test.AddCustomerTest" tests="1" failures="0" timestamp="29 Apr 2023 17:50:00 GMT" time="4.865" errors="0">
  <testcase name="userShouldBeAbleToAddCustomer" time="4.865" classname="test.AddCustomerTest"/>
</testsuite> <!-- test.AddCustomerTest -->
